Determining if the pthread_create exist failed with the following output:
Change Dir: /home/vincent/workplace/cs284a/hw0-intro-vincentndo/build/CMakeFiles/CMakeTmp

Run Build Command:"/usr/bin/make" "cmTC_06164/fast"
/usr/bin/make -f CMakeFiles/cmTC_06164.dir/build.make CMakeFiles/cmTC_06164.dir/build
make[1]: Entering directory '/home/vincent/workplace/cs284a/hw0-intro-vincentndo/build/CMakeFiles/CMakeTmp'
Building C object CMakeFiles/cmTC_06164.dir/CheckSymbolExists.c.o
/usr/bin/cc     -o CMakeFiles/cmTC_06164.dir/CheckSymbolExists.c.o   -c /home/vincent/workplace/cs284a/hw0-intro-vincentndo/build/CMakeFiles/CMakeTmp/CheckSymbolExists.c
Linking C executable cmTC_06164
/usr/bin/cmake -E cmake_link_script CMakeFiles/cmTC_06164.dir/link.txt --verbose=1
/usr/bin/cc       CMakeFiles/cmTC_06164.dir/CheckSymbolExists.c.o  -o cmTC_06164 -rdynamic 
CMakeFiles/cmTC_06164.dir/CheckSymbolExists.c.o: In function `main':
CheckSymbolExists.c:(.text+0x16): undefined reference to `pthread_create'
collect2: error: ld returned 1 exit status
CMakeFiles/cmTC_06164.dir/build.make:97: recipe for target 'cmTC_06164' failed
make[1]: *** [cmTC_06164] Error 1
make[1]: Leaving directory '/home/vincent/workplace/cs284a/hw0-intro-vincentndo/build/CMakeFiles/CMakeTmp'
Makefile:126: recipe for target 'cmTC_06164/fast' failed
make: *** [cmTC_06164/fast] Error 2

File /home/vincent/workplace/cs284a/hw0-intro-vincentndo/build/CMakeFiles/CMakeTmp/CheckSymbolExists.c:
/* */
#include <pthread.h>

int main(int argc, char** argv)
{
  (void)argv;
#ifndef pthread_create
  return ((int*)(&pthread_create))[argc];
#else
  (void)argc;
  return 0;
#endif
}

Determining if the function pthread_create exists in the pthreads failed with the following output:
Change Dir: /home/vincent/workplace/cs284a/hw0-intro-vincentndo/build/CMakeFiles/CMakeTmp

Run Build Command:"/usr/bin/make" "cmTC_fcd01/fast"
/usr/bin/make -f CMakeFiles/cmTC_fcd01.dir/build.make CMakeFiles/cmTC_fcd01.dir/build
make[1]: Entering directory '/home/vincent/workplace/cs284a/hw0-intro-vincentndo/build/CMakeFiles/CMakeTmp'
Building C object CMakeFiles/cmTC_fcd01.dir/CheckFunctionExists.c.o
/usr/bin/cc    -DCHECK_FUNCTION_EXISTS=pthread_create   -o CMakeFiles/cmTC_fcd01.dir/CheckFunctionExists.c.o   -c /usr/share/cmake-3.5/Modules/CheckFunctionExists.c
Linking C executable cmTC_fcd01
/usr/bin/cmake -E cmake_link_script CMakeFiles/cmTC_fcd01.dir/link.txt --verbose=1
/usr/bin/cc   -DCHECK_FUNCTION_EXISTS=pthread_create    CMakeFiles/cmTC_fcd01.dir/CheckFunctionExists.c.o  -o cmTC_fcd01 -rdynamic -lpthreads 
/usr/bin/ld: cannot find -lpthreads
collect2: error: ld returned 1 exit status
CMakeFiles/cmTC_fcd01.dir/build.make:97: recipe for target 'cmTC_fcd01' failed
make[1]: *** [cmTC_fcd01] Error 1
make[1]: Leaving directory '/home/vincent/workplace/cs284a/hw0-intro-vincentndo/build/CMakeFiles/CMakeTmp'
Makefile:126: recipe for target 'cmTC_fcd01/fast' failed
make: *** [cmTC_fcd01/fast] Error 2


